# JRE version: Java(TM) SE Runtime Environment (8.0_101-b13) (build 1.8.0_101-b13)
# Java VM: Java HotSpot(TM) Client VM (25.101-b13 mixed mode windows-x86 )
Heap:
 def new generation   total 78656K, used 3655K [0x04c00000, 0x0a150000, 0x1a150000)
  eden space 69952K,   0% used [0x04c00000, 0x04c00000, 0x09050000)
  from space 8704K,  41% used [0x09050000, 0x093e1e78, 0x098d0000)
  to   space 8704K,   0% used [0x098d0000, 0x098d0000, 0x0a150000)
 tenured generation   total 176064K, used 176017K [0x1a150000, 0x24d40000, 0x44c00000)
   the space 176064K,  99% used [0x1a150000, 0x24d34790, 0x24d34800, 0x24d40000)
 Metaspace       used 61961K, capacity 62303K, committed 62336K, reserved 62848K
GC Heap History (10 events):
Event: 185.389 GC heap after
Heap after GC invocations=31 (full 0):
 def new generation   total 78656K, used 8704K [0x04c00000, 0x0a150000, 0x1a150000)
  eden space 69952K,   0% used [0x04c00000, 0x04c00000, 0x09050000)
  from space 8704K, 100% used [0x098d0000, 0x0a150000, 0x0a150000)
  to   space 8704K,   0% used [0x09050000, 0x09050000, 0x098d0000)
 tenured generation   total 174784K, used 120389K [0x1a150000, 0x24c00000, 0x44c00000)
   the space 174784K,  68% used [0x1a150000, 0x216e16e0, 0x216e1800, 0x24c00000)
 Metaspace       used 53494K, capacity 53772K, committed 53888K, reserved 54656K
}
Event: 190.121 GC heap before
{Heap before GC invocations=31 (full 0):
 def new generation   total 78656K, used 78656K [0x04c00000, 0x0a150000, 0x1a150000)
  eden space 69952K, 100% used [0x04c00000, 0x09050000, 0x09050000)
  from space 8704K, 100% used [0x098d0000, 0x0a150000, 0x0a150000)
  to   space 8704K,   0% used [0x09050000, 0x09050000, 0x098d0000)
 tenured generation   total 174784K, used 120389K [0x1a150000, 0x24c00000, 0x44c00000)
   the space 174784K,  68% used [0x1a150000, 0x216e16e0, 0x216e1800, 0x24c00000)
 Metaspace       used 55848K, capacity 56143K, committed 56320K, reserved 56704K
Event: 190.273 GC heap after
Heap after GC invocations=32 (full 0):
 def new generation   total 78656K, used 8704K [0x04c00000, 0x0a150000, 0x1a150000)
  eden space 69952K,   0% used [0x04c00000, 0x04c00000, 0x09050000)
  from space 8704K, 100% used [0x09050000, 0x098d0000, 0x098d0000)
  to   space 8704K,   0% used [0x098d0000, 0x098d0000, 0x0a150000)
 tenured generation   total 174784K, used 132598K [0x1a150000, 0x24c00000, 0x44c00000)
   the space 174784K,  75% used [0x1a150000, 0x222cd910, 0x222cda00, 0x24c00000)
 Metaspace       used 55848K, capacity 56143K, committed 56320K, reserved 56704K
}
Event: 192.517 GC heap before
{Heap before GC invocations=32 (full 0):
 def new generation   total 78656K, used 78656K [0x04c00000, 0x0a150000, 0x1a150000)
  eden space 69952K, 100% used [0x04c00000, 0x09050000, 0x09050000)
  from space 8704K, 100% used [0x09050000, 0x098d0000, 0x098d0000)
  to   space 8704K,   0% used [0x098d0000, 0x098d0000, 0x0a150000)
 tenured generation   total 174784K, used 132598K [0x1a150000, 0x24c00000, 0x44c00000)
   the space 174784K,  75% used [0x1a150000, 0x222cd910, 0x222cda00, 0x24c00000)
 Metaspace       used 56372K, capacity 56655K, committed 56832K, reserved 57728K
Event: 192.700 GC heap after
Heap after GC invocations=33 (full 0):
 def new generation   total 78656K, used 8704K [0x04c00000, 0x0a150000, 0x1a150000)
  eden space 69952K,   0% used [0x04c00000, 0x04c00000, 0x09050000)
  from space 8704K, 100% used [0x098d0000, 0x0a150000, 0x0a150000)
  to   space 8704K,   0% used [0x09050000, 0x09050000, 0x098d0000)
 tenured generation   total 174784K, used 142001K [0x1a150000, 0x24c00000, 0x44c00000)
   the space 174784K,  81% used [0x1a150000, 0x22bfc578, 0x22bfc600, 0x24c00000)
 Metaspace       used 56372K, capacity 56655K, committed 56832K, reserved 57728K
}
Event: 197.964 GC heap before
{Heap before GC invocations=33 (full 0):
 def new generation   total 78656K, used 78656K [0x04c00000, 0x0a150000, 0x1a150000)
  eden space 69952K, 100% used [0x04c00000, 0x09050000, 0x09050000)
  from space 8704K, 100% used [0x098d0000, 0x0a150000, 0x0a150000)
  to   space 8704K,   0% used [0x09050000, 0x09050000, 0x098d0000)
 tenured generation   total 174784K, used 142001K [0x1a150000, 0x24c00000, 0x44c00000)
   the space 174784K,  81% used [0x1a150000, 0x22bfc578, 0x22bfc600, 0x24c00000)
 Metaspace       used 57687K, capacity 57967K, committed 58112K, reserved 58752K
Event: 198.181 GC heap after
Heap after GC invocations=34 (full 0):
 def new generation   total 78656K, used 8704K [0x04c00000, 0x0a150000, 0x1a150000)
  eden space 69952K,   0% used [0x04c00000, 0x04c00000, 0x09050000)
  from space 8704K, 100% used [0x09050000, 0x098d0000, 0x098d0000)
  to   space 8704K,   0% used [0x098d0000, 0x098d0000, 0x0a150000)
 tenured generation   total 174784K, used 154912K [0x1a150000, 0x24c00000, 0x44c00000)
   the space 174784K,  88% used [0x1a150000, 0x238983f0, 0x23898400, 0x24c00000)
 Metaspace       used 57687K, capacity 57967K, committed 58112K, reserved 58752K
}
Event: 204.107 GC heap before
{Heap before GC invocations=34 (full 0):
 def new generation   total 78656K, used 78656K [0x04c00000, 0x0a150000, 0x1a150000)
  eden space 69952K, 100% used [0x04c00000, 0x09050000, 0x09050000)
  from space 8704K, 100% used [0x09050000, 0x098d0000, 0x098d0000)
  to   space 8704K,   0% used [0x098d0000, 0x098d0000, 0x0a150000)
 tenured generation   total 174784K, used 154912K [0x1a150000, 0x24c00000, 0x44c00000)
   the space 174784K,  88% used [0x1a150000, 0x238983f0, 0x23898400, 0x24c00000)
 Metaspace       used 60836K, capacity 61167K, committed 61312K, reserved 61824K
Event: 204.264 GC heap after
Heap after GC invocations=35 (full 0):
 def new generation   total 78656K, used 8704K [0x04c00000, 0x0a150000, 0x1a150000)
  eden space 69952K,   0% used [0x04c00000, 0x04c00000, 0x09050000)
  from space 8704K, 100% used [0x098d0000, 0x0a150000, 0x0a150000)
  to   space 8704K,   0% used [0x09050000, 0x09050000, 0x098d0000)
 tenured generation   total 174784K, used 167353K [0x1a150000, 0x24c00000, 0x44c00000)
   the space 174784K,  95% used [0x1a150000, 0x244be520, 0x244be600, 0x24c00000)
 Metaspace       used 60836K, capacity 61167K, committed 61312K, reserved 61824K
}
Event: 250.625 GC heap before
{Heap before GC invocations=35 (full 0):
 def new generation   total 78656K, used 78656K [0x04c00000, 0x0a150000, 0x1a150000)
  eden space 69952K, 100% used [0x04c00000, 0x09050000, 0x09050000)
  from space 8704K, 100% used [0x098d0000, 0x0a150000, 0x0a150000)
  to   space 8704K,   0% used [0x09050000, 0x09050000, 0x098d0000)
 tenured generation   total 174784K, used 167353K [0x1a150000, 0x24c00000, 0x44c00000)
   the space 174784K,  95% used [0x1a150000, 0x244be520, 0x244be600, 0x24c00000)
 Metaspace       used 61961K, capacity 62303K, committed 62336K, reserved 62848K

